<?xml version="1.0" encoding="UTF-8"?>
<!-- Generated by org.testng.reporters.JUnitXMLReporter -->
<testsuite ignored="2" hostname="Savyasachi" failures="0" tests="1" name="Default test" time="18.672" errors="0" timestamp="2023-05-04T15:31:00 IST">
  <testcase classname="test.BankingProject.BankManagerLogin" name="verifyAddCustomer" time="9.437"/>
  <testcase classname="test.BankingProject.BankManagerLogin" name="verifyOpenAccount" time="0.0">
    <ignored/>
  </testcase> <!-- verifyOpenAccount -->
  <testcase classname="test.BankingProject.BankManagerLogin" name="verifyDeleteCustomer" time="0.0">
    <ignored/>
  </testcase> <!-- verifyDeleteCustomer -->
</testsuite> <!-- Default test -->
