<?xml version="1.0" encoding="UTF-8"?>
<!-- Generated by org.testng.reporters.JUnitXMLReporter -->
<testsuite ignored="2" hostname="Savyasachi" failures="0" tests="9" name="Test" time="91.086" errors="0" timestamp="2023-05-04T14:50:55 IST">
  <testcase classname="test.BankingProject.BankManagerLogin" name="verifyAddCustomer" time="19.757"/>
  <testcase classname="test.BankingProject.BankManagerLogin" name="verifyOpenAccount" time="13.857"/>
  <testcase classname="test.BankingProject.BankManagerLogin" name="verifyDeleteCustomer" time="14.966"/>
  <testcase classname="test.BankingProject.CustomerLogin" name="verifyAmountCanBeDeposited" time="5.151"/>
  <testcase classname="test.BankingProject.CustomerLogin" name="verifySuccessBannerAfterDeposite" time="0.207"/>
  <testcase classname="test.BankingProject.CustomerLogin" name="verifyTransactionOfAmountDeposited" time="2.814"/>
  <testcase classname="test.BankingProject.CustomerLogin" name="verifyAmountCanBeWithdraw" time="4.333"/>
  <testcase classname="test.BankingProject.CustomerLogin" name="verifySuccessBannerAfterWithdrawl" time="0.137"/>
  <testcase classname="test.BankingProject.CustomerLogin" name="verifyTransactionOfAmountWithdrawn" time="2.685"/>
  <testcase classname="test.Testbase.TestBase" name="@AfterSuite afterSuiteMethod" time="0.0">
    <ignored/>
  </testcase> <!-- @AfterSuite afterSuiteMethod -->
  <testcase classname="test.Testbase.TestBase" name="@BeforeSuite beforeSuite" time="0.0">
    <ignored/>
  </testcase> <!-- @BeforeSuite beforeSuite -->
</testsuite> <!-- Test -->
