<?xml version="1.0" encoding="UTF-8"?>
<!-- Generated by org.testng.reporters.JUnitXMLReporter -->
<testsuite ignored="2" hostname="Savyasachi" failures="0" tests="9" name="RegressionTest" time="75.291" errors="0" timestamp="2023-05-04T15:42:57 IST">
  <testcase classname="test.BankingProject.BankManagerLogin" name="verifyAddCustomer" time="10.389"/>
  <testcase classname="test.BankingProject.BankManagerLogin" name="verifyOpenAccount" time="12.201"/>
  <testcase classname="test.BankingProject.BankManagerLogin" name="verifyDeleteCustomer" time="15.309"/>
  <testcase classname="test.BankingProject.CustomerLogin" name="verifyAmountCanBeDeposited" time="4.441"/>
  <testcase classname="test.BankingProject.CustomerLogin" name="verifySuccessBannerAfterDeposite" time="0.311"/>
  <testcase classname="test.BankingProject.CustomerLogin" name="verifyTransactionOfAmountDeposited" time="2.848"/>
  <testcase classname="test.BankingProject.CustomerLogin" name="verifyAmountCanBeWithdraw" time="3.972"/>
  <testcase classname="test.BankingProject.CustomerLogin" name="verifySuccessBannerAfterWithdrawl" time="0.112"/>
  <testcase classname="test.BankingProject.CustomerLogin" name="verifyTransactionOfAmountWithdrawn" time="2.05"/>
  <testcase classname="test.Testbase.TestBase" name="@AfterSuite afterSuiteMethod" time="0.0">
    <ignored/>
  </testcase> <!-- @AfterSuite afterSuiteMethod -->
  <testcase classname="test.Testbase.TestBase" name="@BeforeSuite beforeSuite" time="0.0">
    <ignored/>
  </testcase> <!-- @BeforeSuite beforeSuite -->
</testsuite> <!-- RegressionTest -->
