<?xml version="1.0" encoding="UTF-8"?>
<testng-results ignored="2" total="11" passed="9" failed="0" skipped="0">
  <reporter-output>
  </reporter-output>
  <suite started-at="2023-05-04T15:41:41 IST" name="BankingProject" finished-at="2023-05-04T15:42:57 IST" duration-ms="75291">
    <groups>
    </groups>
    <test started-at="2023-05-04T15:41:41 IST" name="RegressionTest" finished-at="2023-05-04T15:42:57 IST" duration-ms="75291">
      <class name="test.BankingProject.CustomerLogin">
        <test-method is-config="true" signature="beforeClass()[pri:0, instance:test.BankingProject.CustomerLogin@69e153c5]" started-at="2023-05-04T15:42:30 IST" name="beforeClass" finished-at="2023-05-04T15:42:41 IST" duration-ms="11501" status="PASS">
          <reporter-output>
          </reporter-output>
        </test-method> <!-- beforeClass -->
        <test-method signature="verifyAmountCanBeDeposited()[pri:0, instance:test.BankingProject.CustomerLogin@69e153c5]" started-at="2023-05-04T15:42:41 IST" name="verifyAmountCanBeDeposited" finished-at="2023-05-04T15:42:46 IST" duration-ms="4441" status="PASS">
          <reporter-output>
          </reporter-output>
        </test-method> <!-- verifyAmountCanBeDeposited -->
        <test-method is-config="true" signature="afterMethod(org.testng.ITestResult)[pri:0, instance:test.BankingProject.CustomerLogin@69e153c5]" started-at="2023-05-04T15:42:46 IST" name="afterMethod" finished-at="2023-05-04T15:42:46 IST" duration-ms="39" status="PASS">
          <params>
            <param index="0">
              <value>
                <![CDATA[[TestResult name=verifyAmountCanBeDeposited status=SUCCESS method=CustomerLogin.verifyAmountCanBeDeposited()[pri:0, instance:test.BankingProject.CustomerLogin@69e153c5] output={null}]]]>
              </value>
            </param>
          </params>
          <reporter-output>
          </reporter-output>
        </test-method> <!-- afterMethod -->
        <test-method signature="verifySuccessBannerAfterDeposite()[pri:1, instance:test.BankingProject.CustomerLogin@69e153c5]" started-at="2023-05-04T15:42:46 IST" name="verifySuccessBannerAfterDeposite" finished-at="2023-05-04T15:42:46 IST" duration-ms="311" status="PASS">
          <reporter-output>
          </reporter-output>
        </test-method> <!-- verifySuccessBannerAfterDeposite -->
        <test-method is-config="true" signature="afterMethod(org.testng.ITestResult)[pri:0, instance:test.BankingProject.CustomerLogin@69e153c5]" started-at="2023-05-04T15:42:46 IST" name="afterMethod" finished-at="2023-05-04T15:42:46 IST" duration-ms="3" status="PASS">
          <params>
            <param index="0">
              <value>
                <![CDATA[[TestResult name=verifySuccessBannerAfterDeposite status=SUCCESS method=CustomerLogin.verifySuccessBannerAfterDeposite()[pri:1, instance:test.BankingProject.CustomerLogin@69e153c5] output={null}]]]>
              </value>
            </param>
          </params>
          <reporter-output>
          </reporter-output>
        </test-method> <!-- afterMethod -->
        <test-method signature="verifyTransactionOfAmountDeposited()[pri:2, instance:test.BankingProject.CustomerLogin@69e153c5]" started-at="2023-05-04T15:42:46 IST" name="verifyTransactionOfAmountDeposited" finished-at="2023-05-04T15:42:49 IST" duration-ms="2848" status="PASS">
          <reporter-output>
          </reporter-output>
        </test-method> <!-- verifyTransactionOfAmountDeposited -->
        <test-method is-config="true" signature="afterMethod(org.testng.ITestResult)[pri:0, instance:test.BankingProject.CustomerLogin@69e153c5]" started-at="2023-05-04T15:42:49 IST" name="afterMethod" finished-at="2023-05-04T15:42:49 IST" duration-ms="2" status="PASS">
          <params>
            <param index="0">
              <value>
                <![CDATA[[TestResult name=verifyTransactionOfAmountDeposited status=SUCCESS method=CustomerLogin.verifyTransactionOfAmountDeposited()[pri:2, instance:test.BankingProject.CustomerLogin@69e153c5] output={null}]]]>
              </value>
            </param>
          </params>
          <reporter-output>
          </reporter-output>
        </test-method> <!-- afterMethod -->
        <test-method signature="verifyAmountCanBeWithdraw()[pri:3, instance:test.BankingProject.CustomerLogin@69e153c5]" started-at="2023-05-04T15:42:49 IST" name="verifyAmountCanBeWithdraw" finished-at="2023-05-04T15:42:53 IST" duration-ms="3972" status="PASS">
          <reporter-output>
          </reporter-output>
        </test-method> <!-- verifyAmountCanBeWithdraw -->
        <test-method is-config="true" signature="afterMethod(org.testng.ITestResult)[pri:0, instance:test.BankingProject.CustomerLogin@69e153c5]" started-at="2023-05-04T15:42:53 IST" name="afterMethod" finished-at="2023-05-04T15:42:53 IST" duration-ms="2" status="PASS">
          <params>
            <param index="0">
              <value>
                <![CDATA[[TestResult name=verifyAmountCanBeWithdraw status=SUCCESS method=CustomerLogin.verifyAmountCanBeWithdraw()[pri:3, instance:test.BankingProject.CustomerLogin@69e153c5] output={null}]]]>
              </value>
            </param>
          </params>
          <reporter-output>
          </reporter-output>
        </test-method> <!-- afterMethod -->
        <test-method signature="verifySuccessBannerAfterWithdrawl()[pri:4, instance:test.BankingProject.CustomerLogin@69e153c5]" started-at="2023-05-04T15:42:53 IST" name="verifySuccessBannerAfterWithdrawl" finished-at="2023-05-04T15:42:53 IST" duration-ms="112" status="PASS">
          <reporter-output>
          </reporter-output>
        </test-method> <!-- verifySuccessBannerAfterWithdrawl -->
        <test-method is-config="true" signature="afterMethod(org.testng.ITestResult)[pri:0, instance:test.BankingProject.CustomerLogin@69e153c5]" started-at="2023-05-04T15:42:53 IST" name="afterMethod" finished-at="2023-05-04T15:42:53 IST" duration-ms="2" status="PASS">
          <params>
            <param index="0">
              <value>
                <![CDATA[[TestResult name=verifySuccessBannerAfterWithdrawl status=SUCCESS method=CustomerLogin.verifySuccessBannerAfterWithdrawl()[pri:4, instance:test.BankingProject.CustomerLogin@69e153c5] output={null}]]]>
              </value>
            </param>
          </params>
          <reporter-output>
          </reporter-output>
        </test-method> <!-- afterMethod -->
        <test-method signature="verifyTransactionOfAmountWithdrawn()[pri:5, instance:test.BankingProject.CustomerLogin@69e153c5]" started-at="2023-05-04T15:42:53 IST" name="verifyTransactionOfAmountWithdrawn" finished-at="2023-05-04T15:42:55 IST" duration-ms="2050" status="PASS">
          <reporter-output>
          </reporter-output>
        </test-method> <!-- verifyTransactionOfAmountWithdrawn -->
        <test-method is-config="true" signature="afterMethod(org.testng.ITestResult)[pri:0, instance:test.BankingProject.CustomerLogin@69e153c5]" started-at="2023-05-04T15:42:55 IST" name="afterMethod" finished-at="2023-05-04T15:42:55 IST" duration-ms="7" status="PASS">
          <params>
            <param index="0">
              <value>
                <![CDATA[[TestResult name=verifyTransactionOfAmountWithdrawn status=SUCCESS method=CustomerLogin.verifyTransactionOfAmountWithdrawn()[pri:5, instance:test.BankingProject.CustomerLogin@69e153c5] output={null}]]]>
              </value>
            </param>
          </params>
          <reporter-output>
          </reporter-output>
        </test-method> <!-- afterMethod -->
        <test-method is-config="true" signature="afterclass()[pri:0, instance:test.BankingProject.CustomerLogin@69e153c5]" started-at="2023-05-04T15:42:55 IST" name="afterclass" finished-at="2023-05-04T15:42:57 IST" duration-ms="1300" status="PASS">
          <reporter-output>
          </reporter-output>
        </test-method> <!-- afterclass -->
      </class> <!-- test.BankingProject.CustomerLogin -->
      <class name="test.BankingProject.BankManagerLogin">
        <test-method is-config="true" signature="beforeSuite()[pri:0, instance:test.BankingProject.BankManagerLogin@6e9175d8]" started-at="2023-05-04T15:41:41 IST" name="beforeSuite" finished-at="2023-05-04T15:41:41 IST" duration-ms="740" status="PASS">
          <reporter-output>
          </reporter-output>
        </test-method> <!-- beforeSuite -->
        <test-method is-config="true" signature="beforeClass()[pri:0, instance:test.BankingProject.BankManagerLogin@6e9175d8]" started-at="2023-05-04T15:41:41 IST" name="beforeClass" finished-at="2023-05-04T15:41:50 IST" duration-ms="8830" status="PASS">
          <reporter-output>
          </reporter-output>
        </test-method> <!-- beforeClass -->
        <test-method signature="verifyAddCustomer()[pri:0, instance:test.BankingProject.BankManagerLogin@6e9175d8]" started-at="2023-05-04T15:41:50 IST" name="verifyAddCustomer" finished-at="2023-05-04T15:42:01 IST" duration-ms="10389" status="PASS">
          <reporter-output>
          </reporter-output>
        </test-method> <!-- verifyAddCustomer -->
        <test-method is-config="true" signature="afterMethod(org.testng.ITestResult)[pri:0, instance:test.BankingProject.BankManagerLogin@6e9175d8]" started-at="2023-05-04T15:42:01 IST" name="afterMethod" finished-at="2023-05-04T15:42:01 IST" duration-ms="17" status="PASS">
          <params>
            <param index="0">
              <value>
                <![CDATA[[TestResult name=verifyAddCustomer status=SUCCESS method=BankManagerLogin.verifyAddCustomer()[pri:0, instance:test.BankingProject.BankManagerLogin@6e9175d8] output={null}]]]>
              </value>
            </param>
          </params>
          <reporter-output>
          </reporter-output>
        </test-method> <!-- afterMethod -->
        <test-method signature="verifyOpenAccount()[pri:1, instance:test.BankingProject.BankManagerLogin@6e9175d8]" started-at="2023-05-04T15:42:01 IST" name="verifyOpenAccount" finished-at="2023-05-04T15:42:13 IST" duration-ms="12201" status="PASS">
          <reporter-output>
          </reporter-output>
        </test-method> <!-- verifyOpenAccount -->
        <test-method is-config="true" signature="afterMethod(org.testng.ITestResult)[pri:0, instance:test.BankingProject.BankManagerLogin@6e9175d8]" started-at="2023-05-04T15:42:13 IST" name="afterMethod" finished-at="2023-05-04T15:42:13 IST" duration-ms="1" status="PASS">
          <params>
            <param index="0">
              <value>
                <![CDATA[[TestResult name=verifyOpenAccount status=SUCCESS method=BankManagerLogin.verifyOpenAccount()[pri:1, instance:test.BankingProject.BankManagerLogin@6e9175d8] output={null}]]]>
              </value>
            </param>
          </params>
          <reporter-output>
          </reporter-output>
        </test-method> <!-- afterMethod -->
        <test-method signature="verifyDeleteCustomer()[pri:3, instance:test.BankingProject.BankManagerLogin@6e9175d8]" started-at="2023-05-04T15:42:13 IST" name="verifyDeleteCustomer" finished-at="2023-05-04T15:42:28 IST" duration-ms="15309" status="PASS">
          <reporter-output>
          </reporter-output>
        </test-method> <!-- verifyDeleteCustomer -->
        <test-method is-config="true" signature="afterMethod(org.testng.ITestResult)[pri:0, instance:test.BankingProject.BankManagerLogin@6e9175d8]" started-at="2023-05-04T15:42:28 IST" name="afterMethod" finished-at="2023-05-04T15:42:28 IST" duration-ms="4" status="PASS">
          <params>
            <param index="0">
              <value>
                <![CDATA[[TestResult name=verifyDeleteCustomer status=SUCCESS method=BankManagerLogin.verifyDeleteCustomer()[pri:3, instance:test.BankingProject.BankManagerLogin@6e9175d8] output={null}]]]>
              </value>
            </param>
          </params>
          <reporter-output>
          </reporter-output>
        </test-method> <!-- afterMethod -->
        <test-method is-config="true" signature="afterclass()[pri:0, instance:test.BankingProject.BankManagerLogin@6e9175d8]" started-at="2023-05-04T15:42:28 IST" name="afterclass" finished-at="2023-05-04T15:42:30 IST" duration-ms="1627" status="PASS">
          <reporter-output>
          </reporter-output>
        </test-method> <!-- afterclass -->
        <test-method is-config="true" signature="afterSuiteMethod()[pri:0, instance:test.BankingProject.BankManagerLogin@6e9175d8]" started-at="2023-05-04T15:42:57 IST" name="afterSuiteMethod" finished-at="2023-05-04T15:42:59 IST" duration-ms="2786" status="PASS">
          <reporter-output>
          </reporter-output>
        </test-method> <!-- afterSuiteMethod -->
      </class> <!-- test.BankingProject.BankManagerLogin -->
    </test> <!-- RegressionTest -->
  </suite> <!-- BankingProject -->
</testng-results>
