<?xml version="1.0" encoding="UTF-8"?>
<!-- Generated by org.testng.reporters.JUnitXMLReporter -->
<testsuite ignored="2" hostname="Savyasachi" failures="0" tests="9" name="RegressionTest" time="81.897" errors="0" timestamp="2023-05-04T15:19:53 IST">
  <testcase classname="test.BankingProject.BankManagerLogin" name="verifyAddCustomer" time="19.226"/>
  <testcase classname="test.BankingProject.BankManagerLogin" name="verifyOpenAccount" time="12.814"/>
  <testcase classname="test.BankingProject.BankManagerLogin" name="verifyDeleteCustomer" time="14.333"/>
  <testcase classname="test.BankingProject.CustomerLogin" name="verifyAmountCanBeDeposited" time="4.865"/>
  <testcase classname="test.BankingProject.CustomerLogin" name="verifySuccessBannerAfterDeposite" time="0.185"/>
  <testcase classname="test.BankingProject.CustomerLogin" name="verifyTransactionOfAmountDeposited" time="2.764"/>
  <testcase classname="test.BankingProject.CustomerLogin" name="verifyAmountCanBeWithdraw" time="4.079"/>
  <testcase classname="test.BankingProject.CustomerLogin" name="verifySuccessBannerAfterWithdrawl" time="0.133"/>
  <testcase classname="test.BankingProject.CustomerLogin" name="verifyTransactionOfAmountWithdrawn" time="1.627"/>
  <testcase classname="test.Testbase.TestBase" name="@AfterSuite afterSuiteMethod" time="0.0">
    <ignored/>
  </testcase> <!-- @AfterSuite afterSuiteMethod -->
  <testcase classname="test.Testbase.TestBase" name="@BeforeSuite beforeSuite" time="0.0">
    <ignored/>
  </testcase> <!-- @BeforeSuite beforeSuite -->
</testsuite> <!-- RegressionTest -->
